<?xml version="1.0" encoding="UTF-8"?>
<!-- Generated by org.testng.reporters.JUnitXMLReporter -->
<testsuite ignored="0" hostname="DESKTOP-LOD748U" failures="0" tests="4" name="Test" time="13.916" errors="0" timestamp="2023-01-25T01:00:09 IST">
  <testcase classname="TastLayer.LoginPageTest" name="login" time="0.34"/>
  <testcase classname="TastLayer.HomePageTest" name="logo" time="0.001"/>
  <testcase classname="TastLayer.HomePageTest" name="tille" time="0.007"/>
  <testcase classname="TastLayer.HomePageTest" name="url" time="0.008"/>
</testsuite> <!-- Test -->
