<?xml version="1.0" encoding="UTF-8"?>
<!-- Generated by org.testng.reporters.JUnitXMLReporter -->
<testsuite ignored="0" hostname="DESKTOP-LOD748U" failures="0" tests="4" name="Test" time="12.552" errors="0" timestamp="2023-01-25T01:02:27 IST">
  <testcase classname="TastLayer.LoginPageTest" name="login" time="0.401"/>
  <testcase classname="TastLayer.HomePageTest" name="logo" time="0.005"/>
  <testcase classname="TastLayer.HomePageTest" name="tille" time="0.011"/>
  <testcase classname="TastLayer.HomePageTest" name="url" time="0.01"/>
</testsuite> <!-- Test -->
