<?xml version="1.0" encoding="UTF-8"?>
<!-- Generated by org.testng.reporters.JUnitXMLReporter -->
<testsuite ignored="0" hostname="DESKTOP-LOD748U" failures="0" tests="4" name="Test" time="12.219" errors="0" timestamp="2023-01-25T02:02:23 IST">
  <testcase classname="TastLayer.LoginPageTest" name="login" time="0.438"/>
  <testcase classname="TastLayer.HomePageTest" name="logo" time="0.0"/>
  <testcase classname="TastLayer.HomePageTest" name="tille" time="0.008"/>
  <testcase classname="TastLayer.HomePageTest" name="url" time="0.008"/>
</testsuite> <!-- Test -->
