<?xml version="1.0" encoding="UTF-8"?>
<testsuite xmlns:xsi="http://www.w3.org/2001/XMLSchema-instance" xsi:schemaLocation="https://maven.apache.org/surefire/maven-surefire-plugin/xsd/surefire-test-report.xsd" name="TestSuite" time="13.123" tests="4" errors="0" skipped="0" failures="0">
  <properties>
[...]
</properties>
  <testcase name="login" classname="TastLayer.LoginPageTest" time="0.438"/>
  <testcase name="logo" classname="TastLayer.HomePageTest" time="0"/>
  <testcase name="tille" classname="TastLayer.HomePageTest" time="0.008"/>
  <testcase name="url" classname="TastLayer.HomePageTest" time="0.008"/>
</testsuite>