<?xml version="1.0" encoding="UTF-8"?>
<testng-results ignored="0" total="4" passed="4" failed="0" skipped="0">
  <reporter-output>
  </reporter-output>
  <suite started-at="2023-01-25T00:59:55 IST" name="Suite" finished-at="2023-01-25T01:00:09 IST" duration-ms="13916">
    <groups>
      <group name="loginpage">
        <method signature="LoginPageTest.login()[pri:0, instance:TastLayer.LoginPageTest@1de5f259]" name="login" class="TastLayer.LoginPageTest"/>
      </group> <!-- loginpage -->
      <group name="homepage">
        <method signature="HomePageTest.logo()[pri:1, instance:TastLayer.HomePageTest@290222c1]" name="logo" class="TastLayer.HomePageTest"/>
        <method signature="HomePageTest.tille()[pri:2, instance:TastLayer.HomePageTest@290222c1]" name="tille" class="TastLayer.HomePageTest"/>
        <method signature="HomePageTest.url()[pri:3, instance:TastLayer.HomePageTest@290222c1]" name="url" class="TastLayer.HomePageTest"/>
      </group> <!-- homepage -->
    </groups>
    <test started-at="2023-01-25T00:59:55 IST" name="Test" finished-at="2023-01-25T01:00:09 IST" duration-ms="13916">
      <class name="TastLayer.LoginPageTest">
        <test-method is-config="true" signature="setup()[pri:0, instance:TastLayer.LoginPageTest@1de5f259]" started-at="2023-01-25T00:59:55 IST" name="setup" finished-at="2023-01-25T01:00:04 IST" duration-ms="8537" status="PASS">
          <reporter-output>
          </reporter-output>
        </test-method> <!-- setup -->
        <test-method signature="login()[pri:0, instance:TastLayer.LoginPageTest@1de5f259]" started-at="2023-01-25T01:00:04 IST" name="login" finished-at="2023-01-25T01:00:04 IST" duration-ms="340" status="PASS">
          <reporter-output>
          </reporter-output>
        </test-method> <!-- login -->
        <test-method is-config="true" signature="teardown()[pri:0, instance:TastLayer.LoginPageTest@1de5f259]" started-at="2023-01-25T01:00:05 IST" name="teardown" finished-at="2023-01-25T01:00:09 IST" duration-ms="4177" status="PASS">
          <reporter-output>
          </reporter-output>
        </test-method> <!-- teardown -->
      </class> <!-- TastLayer.LoginPageTest -->
      <class name="TastLayer.HomePageTest">
        <test-method signature="logo()[pri:1, instance:TastLayer.HomePageTest@290222c1]" started-at="2023-01-25T01:00:05 IST" name="logo" depends-on-groups="loginpage" finished-at="2023-01-25T01:00:05 IST" duration-ms="1" status="PASS">
          <reporter-output>
          </reporter-output>
        </test-method> <!-- logo -->
        <test-method signature="tille()[pri:2, instance:TastLayer.HomePageTest@290222c1]" started-at="2023-01-25T01:00:05 IST" name="tille" depends-on-groups="loginpage" finished-at="2023-01-25T01:00:05 IST" duration-ms="7" status="PASS">
          <reporter-output>
          </reporter-output>
        </test-method> <!-- tille -->
        <test-method signature="url()[pri:3, instance:TastLayer.HomePageTest@290222c1]" started-at="2023-01-25T01:00:05 IST" name="url" depends-on-groups="loginpage" finished-at="2023-01-25T01:00:05 IST" duration-ms="8" status="PASS">
          <reporter-output>
          </reporter-output>
        </test-method> <!-- url -->
      </class> <!-- TastLayer.HomePageTest -->
    </test> <!-- Test -->
  </suite> <!-- Suite -->
</testng-results>
